
  .   ____          _            __ _ _
 /\\ / ___'_ __ _ _(_)_ __  __ _ \ \ \ \
( ( )\___ | '_ | '_| | '_ \/ _` | \ \ \ \
 \\/  ___)| |_)| | | | | || (_| |  ) ) ) )
  '  |____| .__|_| |_|_| |_\__, | / / / /
 =========|_|==============|___/=/_/_/_/

 :: Spring Boot ::               (v3.5.13)

2026-04-03T04:55:44.851+07:00  INFO 1775925 --- [Spring Boot Template] [           main] org.app.backend.BackendApplication       : Starting BackendApplication v1.0.0 using Java 21.0.10 with PID 1775925 (/home/huy/othergit/hue-general-library-backend/build/libs/backend-0.0.1-SNAPSHOT.jar started by huy in /home/huy/othergit/hue-general-library-backend)
2026-04-03T04:55:44.865+07:00  INFO 1775925 --- [Spring Boot Template] [           main] org.app.backend.BackendApplication       : No active profile set, falling back to 1 default profile: "default"
2026-04-03T04:55:51.465+07:00  INFO 1775925 --- [Spring Boot Template] [           main] .s.d.r.c.RepositoryConfigurationDelegate : Bootstrapping Spring Data JPA repositories in DEFAULT mode.
2026-04-03T04:55:51.799+07:00  INFO 1775925 --- [Spring Boot Template] [           main] .s.d.r.c.RepositoryConfigurationDelegate : Finished Spring Data repository scanning in 279 ms. Found 2 JPA repository interfaces.
2026-04-03T04:55:55.999+07:00  INFO 1775925 --- [Spring Boot Template] [           main] o.s.b.w.embedded.tomcat.TomcatWebServer  : Tomcat initialized with port 8081 (http)
2026-04-03T04:55:56.146+07:00  INFO 1775925 --- [Spring Boot Template] [           main] o.apache.catalina.core.StandardService   : Starting service [Tomcat]
2026-04-03T04:55:56.151+07:00  INFO 1775925 --- [Spring Boot Template] [           main] o.apache.catalina.core.StandardEngine    : Starting Servlet engine: [Apache Tomcat/10.1.53]
2026-04-03T04:55:56.404+07:00  INFO 1775925 --- [Spring Boot Template] [           main] o.a.c.c.C.[Tomcat].[localhost].[/]       : Initializing Spring embedded WebApplicationContext
2026-04-03T04:55:56.406+07:00  INFO 1775925 --- [Spring Boot Template] [           main] w.s.c.ServletWebServerApplicationContext : Root WebApplicationContext: initialization completed in 11187 ms
2026-04-03T04:55:58.728+07:00  INFO 1775925 --- [Spring Boot Template] [           main] o.hibernate.jpa.internal.util.LogHelper  : HHH000204: Processing PersistenceUnitInfo [name: default]
2026-04-03T04:55:58.958+07:00  INFO 1775925 --- [Spring Boot Template] [           main] org.hibernate.Version                    : HHH000412: Hibernate ORM core version 6.6.45.Final
2026-04-03T04:55:59.122+07:00  INFO 1775925 --- [Spring Boot Template] [           main] o.h.c.internal.RegionFactoryInitiator    : HHH000026: Second-level cache disabled
2026-04-03T04:56:00.301+07:00  INFO 1775925 --- [Spring Boot Template] [           main] o.s.o.j.p.SpringPersistenceUnitInfo      : No LoadTimeWeaver setup: ignoring JPA class transformer
2026-04-03T04:56:00.430+07:00  INFO 1775925 --- [Spring Boot Template] [           main] com.zaxxer.hikari.HikariDataSource       : HikariPool-1 - Starting...
2026-04-03T04:56:02.230+07:00  INFO 1775925 --- [Spring Boot Template] [           main] com.zaxxer.hikari.pool.HikariPool        : HikariPool-1 - Added connection org.postgresql.jdbc.PgConnection@d5e3f55
2026-04-03T04:56:02.242+07:00  INFO 1775925 --- [Spring Boot Template] [           main] com.zaxxer.hikari.HikariDataSource       : HikariPool-1 - Start completed.
2026-04-03T04:56:02.400+07:00  WARN 1775925 --- [Spring Boot Template] [           main] org.hibernate.orm.deprecation            : HHH90000025: PostgreSQLDialect does not need to be specified explicitly using 'hibernate.dialect' (remove the property setting and it will be selected by default)
2026-04-03T04:56:02.506+07:00  INFO 1775925 --- [Spring Boot Template] [           main] org.hibernate.orm.connections.pooling    : HHH10001005: Database info:
	Database JDBC URL [Connecting through datasource 'HikariDataSource (HikariPool-1)']
	Database driver: undefined/unknown
	Database version: 16.13
	Autocommit mode: undefined/unknown
	Isolation level: undefined/unknown
	Minimum pool size: undefined/unknown
	Maximum pool size: undefined/unknown
2026-04-03T04:56:07.241+07:00  INFO 1775925 --- [Spring Boot Template] [           main] o.h.e.t.j.p.i.JtaPlatformInitiator       : HHH000489: No JTA platform available (set 'hibernate.transaction.jta.platform' to enable JTA platform integration)
2026-04-03T04:56:07.601+07:00  INFO 1775925 --- [Spring Boot Template] [           main] j.LocalContainerEntityManagerFactoryBean : Initialized JPA EntityManagerFactory for persistence unit 'default'
2026-04-03T04:56:12.038+07:00  INFO 1775925 --- [Spring Boot Template] [           main] r$InitializeUserDetailsManagerConfigurer : Global AuthenticationManager configured with UserDetailsService bean with name userServiceImpl
2026-04-03T04:56:14.371+07:00  INFO 1775925 --- [Spring Boot Template] [           main] o.s.b.w.embedded.tomcat.TomcatWebServer  : Tomcat started on port 8081 (http) with context path '/'
2026-04-03T04:56:14.424+07:00  INFO 1775925 --- [Spring Boot Template] [           main] org.app.backend.BackendApplication       : Started BackendApplication in 32.686 seconds (process running for 35.384)
2026-04-03T04:56:15.551+07:00 ERROR 1775925 --- [Spring Boot Template] [           main] o.a.b.config.ApplicationInitializer      : Admin user created with default password, please change it.
2026-04-03T04:56:15.552+07:00  INFO 1775925 --- [Spring Boot Template] [           main] o.a.b.config.ApplicationInitializer      : Application initialization completed...
2026-04-03T05:01:08.667+07:00  INFO 1775925 --- [Spring Boot Template] [nio-8081-exec-2] o.a.c.c.C.[Tomcat].[localhost].[/]       : Initializing Spring DispatcherServlet 'dispatcherServlet'
2026-04-03T05:01:08.673+07:00  INFO 1775925 --- [Spring Boot Template] [nio-8081-exec-2] o.s.web.servlet.DispatcherServlet        : Initializing Servlet 'dispatcherServlet'
2026-04-03T05:01:08.681+07:00  INFO 1775925 --- [Spring Boot Template] [nio-8081-exec-2] o.s.web.servlet.DispatcherServlet        : Completed initialization in 7 ms
2026-04-03T05:01:08.897+07:00  WARN 1775925 --- [Spring Boot Template] [nio-8081-exec-2] o.a.b.c.e.GlobalExceptionHandler         : [LOG] Unauthorized access: Full authentication is required to access this resource
2026-04-03T07:13:35.323+07:00  INFO 1775925 --- [Spring Boot Template] [ionShutdownHook] o.s.b.w.e.tomcat.GracefulShutdown        : Commencing graceful shutdown. Waiting for active requests to complete
2026-04-03T07:13:35.467+07:00  INFO 1775925 --- [Spring Boot Template] [tomcat-shutdown] o.s.b.w.e.tomcat.GracefulShutdown        : Graceful shutdown complete
2026-04-03T07:13:35.699+07:00  INFO 1775925 --- [Spring Boot Template] [ionShutdownHook] j.LocalContainerEntityManagerFactoryBean : Closing JPA EntityManagerFactory for persistence unit 'default'
2026-04-03T07:13:36.069+07:00  INFO 1775925 --- [Spring Boot Template] [ionShutdownHook] com.zaxxer.hikari.HikariDataSource       : HikariPool-1 - Shutdown initiated...
2026-04-03T07:13:36.180+07:00  INFO 1775925 --- [Spring Boot Template] [ionShutdownHook] com.zaxxer.hikari.HikariDataSource       : HikariPool-1 - Shutdown completed.
